# JRE version: OpenJDK Runtime Environment Temurin-17.0.11+9 (17.0.11+9) (build 17.0.11+9)
# Java VM: OpenJDK 64-Bit Server VM Temurin-17.0.11+9 (17.0.11+9, mixed mode, emulated-client, tiered, compressed oops, compressed class ptrs, g1 gc, windows-amd64)
GC Precious Log:
 CPUs: 8 total, 8 available
 Memory: 7831M
 Large Page Support: Disabled
 NUMA Support: Disabled
 Compressed Oops: Enabled (32-bit)
 Heap Region Size: 1M
 Heap Min Capacity: 8M
 Heap Initial Capacity: 124M
 Heap Max Capacity: 1G
 Pre-touch: Disabled
 Parallel Workers: 8
 Concurrent Workers: 2
 Concurrent Refinement Workers: 8
 Periodic GC: Disabled
Heap:
 garbage-first heap   total 71680K, used 27876K [0x00000000c0000000, 0x0000000100000000)
  region size 1024K, 1 young (1024K), 0 survivors (0K)
 Metaspace       used 50603K, committed 51392K, reserved 1114112K
  class space    used 6271K, committed 6592K, reserved 1048576K
GC Heap History (20 events):
Event: 255.858 GC heap before
{Heap before GC invocations=30 (full 18):
 garbage-first heap   total 71680K, used 28100K [0x00000000c0000000, 0x0000000100000000)
  region size 1024K, 1 young (1024K), 0 survivors (0K)
 Metaspace       used 50570K, committed 51392K, reserved 1114112K
  class space    used 6265K, committed 6592K, reserved 1048576K
}
Event: 255.878 GC heap after
{Heap after GC invocations=31 (full 19):
 garbage-first heap   total 71680K, used 28100K [0x00000000c0000000, 0x0000000100000000)
  region size 1024K, 0 young (0K), 0 survivors (0K)
 Metaspace       used 50570K, committed 51392K, reserved 1114112K
  class space    used 6265K, committed 6592K, reserved 1048576K
}
Event: 265.986 GC heap before
{Heap before GC invocations=31 (full 19):
 garbage-first heap   total 71680K, used 28100K [0x00000000c0000000, 0x0000000100000000)
  region size 1024K, 1 young (1024K), 0 survivors (0K)
 Metaspace       used 50570K, committed 51392K, reserved 1114112K
  class space    used 6265K, committed 6592K, reserved 1048576K
}
Event: 266.006 GC heap after
{Heap after GC invocations=32 (full 20):
 garbage-first heap   total 71680K, used 28100K [0x00000000c0000000, 0x0000000100000000)
  region size 1024K, 0 young (0K), 0 survivors (0K)
 Metaspace       used 50570K, committed 51392K, reserved 1114112K
  class space    used 6265K, committed 6592K, reserved 1048576K
}
Event: 276.136 GC heap before
{Heap before GC invocations=32 (full 20):
 garbage-first heap   total 71680K, used 28100K [0x00000000c0000000, 0x0000000100000000)
  region size 1024K, 1 young (1024K), 0 survivors (0K)
 Metaspace       used 50570K, committed 51392K, reserved 1114112K
  class space    used 6265K, committed 6592K, reserved 1048576K
}
Event: 276.162 GC heap after
{Heap after GC invocations=33 (full 21):
 garbage-first heap   total 71680K, used 28100K [0x00000000c0000000, 0x0000000100000000)
  region size 1024K, 0 young (0K), 0 survivors (0K)
 Metaspace       used 50570K, committed 51392K, reserved 1114112K
  class space    used 6265K, committed 6592K, reserved 1048576K
}
Event: 286.318 GC heap before
{Heap before GC invocations=33 (full 21):
 garbage-first heap   total 71680K, used 28100K [0x00000000c0000000, 0x0000000100000000)
  region size 1024K, 1 young (1024K), 0 survivors (0K)
 Metaspace       used 50570K, committed 51392K, reserved 1114112K
  class space    used 6265K, committed 6592K, reserved 1048576K
}
Event: 286.341 GC heap after
{Heap after GC invocations=34 (full 22):
 garbage-first heap   total 71680K, used 28100K [0x00000000c0000000, 0x0000000100000000)
  region size 1024K, 0 young (0K), 0 survivors (0K)
 Metaspace       used 50570K, committed 51392K, reserved 1114112K
  class space    used 6265K, committed 6592K, reserved 1048576K
}
Event: 296.477 GC heap before
{Heap before GC invocations=34 (full 22):
 garbage-first heap   total 71680K, used 28100K [0x00000000c0000000, 0x0000000100000000)
  region size 1024K, 1 young (1024K), 0 survivors (0K)
 Metaspace       used 50570K, committed 51392K, reserved 1114112K
  class space    used 6265K, committed 6592K, reserved 1048576K
}
Event: 296.495 GC heap after
{Heap after GC invocations=35 (full 23):
 garbage-first heap   total 71680K, used 28100K [0x00000000c0000000, 0x0000000100000000)
  region size 1024K, 0 young (0K), 0 survivors (0K)
 Metaspace       used 50570K, committed 51392K, reserved 1114112K
  class space    used 6265K, committed 6592K, reserved 1048576K
}
Event: 306.614 GC heap before
{Heap before GC invocations=35 (full 23):
 garbage-first heap   total 71680K, used 28100K [0x00000000c0000000, 0x0000000100000000)
  region size 1024K, 1 young (1024K), 0 survivors (0K)
 Metaspace       used 50570K, committed 51392K, reserved 1114112K
  class space    used 6265K, committed 6592K, reserved 1048576K
}
Event: 306.633 GC heap after
{Heap after GC invocations=36 (full 24):
 garbage-first heap   total 71680K, used 28100K [0x00000000c0000000, 0x0000000100000000)
  region size 1024K, 0 young (0K), 0 survivors (0K)
 Metaspace       used 50570K, committed 51392K, reserved 1114112K
  class space    used 6265K, committed 6592K, reserved 1048576K
}
Event: 316.841 GC heap before
{Heap before GC invocations=36 (full 24):
 garbage-first heap   total 71680K, used 28100K [0x00000000c0000000, 0x0000000100000000)
  region size 1024K, 1 young (1024K), 0 survivors (0K)
 Metaspace       used 50570K, committed 51392K, reserved 1114112K
  class space    used 6265K, committed 6592K, reserved 1048576K
}
Event: 316.869 GC heap after
{Heap after GC invocations=37 (full 25):
 garbage-first heap   total 71680K, used 28100K [0x00000000c0000000, 0x0000000100000000)
  region size 1024K, 0 young (0K), 0 survivors (0K)
 Metaspace       used 50570K, committed 51392K, reserved 1114112K
  class space    used 6265K, committed 6592K, reserved 1048576K
}
Event: 327.010 GC heap before
{Heap before GC invocations=37 (full 25):
 garbage-first heap   total 71680K, used 28100K [0x00000000c0000000, 0x0000000100000000)
  region size 1024K, 1 young (1024K), 0 survivors (0K)
 Metaspace       used 50570K, committed 51392K, reserved 1114112K
  class space    used 6265K, committed 6592K, reserved 1048576K
}
Event: 327.040 GC heap after
{Heap after GC invocations=38 (full 26):
 garbage-first heap   total 71680K, used 28100K [0x00000000c0000000, 0x0000000100000000)
  region size 1024K, 0 young (0K), 0 survivors (0K)
 Metaspace       used 50570K, committed 51392K, reserved 1114112K
  class space    used 6265K, committed 6592K, reserved 1048576K
}
Event: 337.212 GC heap before
{Heap before GC invocations=38 (full 26):
 garbage-first heap   total 71680K, used 28100K [0x00000000c0000000, 0x0000000100000000)
  region size 1024K, 1 young (1024K), 0 survivors (0K)
 Metaspace       used 50570K, committed 51392K, reserved 1114112K
  class space    used 6265K, committed 6592K, reserved 1048576K
}
Event: 337.253 GC heap after
{Heap after GC invocations=39 (full 27):
 garbage-first heap   total 71680K, used 28100K [0x00000000c0000000, 0x0000000100000000)
  region size 1024K, 0 young (0K), 0 survivors (0K)
 Metaspace       used 50570K, committed 51392K, reserved 1114112K
  class space    used 6265K, committed 6592K, reserved 1048576K
}
Event: 347.470 GC heap before
{Heap before GC invocations=39 (full 27):
 garbage-first heap   total 71680K, used 28100K [0x00000000c0000000, 0x0000000100000000)
  region size 1024K, 1 young (1024K), 0 survivors (0K)
 Metaspace       used 50603K, committed 51392K, reserved 1114112K
  class space    used 6271K, committed 6592K, reserved 1048576K
}
Event: 347.497 GC heap after
{Heap after GC invocations=40 (full 28):
 garbage-first heap   total 71680K, used 27876K [0x00000000c0000000, 0x0000000100000000)
  region size 1024K, 0 young (0K), 0 survivors (0K)
 Metaspace       used 50603K, committed 51392K, reserved 1114112K
  class space    used 6271K, committed 6592K, reserved 1048576K
}

